[simpleCUFFT] is starting...
Transforming signal cufftExecC2C
Launching ComplexPointwiseMulAndScale<<< >>>
Transforming signal back cufftExecC2C
simpleCUBLAS test running..
simpleCUBLAS test passed.
[simpleCUFFT] is starting...
0 0.000000 -0.000000
1 0.000000 -0.000001
2 0.000000 -0.000000
3 0.000000 -0.000000
4 0.000000 -0.000001
5 0.000000 0.000000
6 0.000000 0.000000
7 0.000000 0.000001
8 1.000000 1.000000
9 2.100000 2.100000
10 3.322222 3.322221
11 4.697222 4.697224
12 6.268651 6.268651
13 8.101984 8.101986
14 10.301985 10.301985
15 13.051985 13.051987
16 16.718651 16.718653
17 22.218651 22.218655
18 32.218651 32.218651
19 31.118650 31.118652
20 29.896429 29.896427
21 28.521429 28.521429
22 26.950001 26.950001
23 25.116667 25.116669
24 22.916666 22.916670
25 20.166666 20.166672
26 16.500000 16.500000
27 11.000000 11.000000
28 0.000000 -0.000001
29 0.000000 0.000001
30 0.000000 0.000000
31 0.000000 0.000000
32 0.000000 0.000000
33 0.000000 -0.000001
34 0.000000 0.000001
35 0.000000 -0.000001
36 0.000000 -0.000001
37 0.000000 -0.000001
38 0.000000 -0.000001
39 0.000000 -0.000001
40 0.000000 0.000000
41 0.000000 0.000000
42 0.000000 0.000000
43 0.000000 0.000000
44 0.000000 0.000001
45 0.000000 0.000000
46 0.000000 0.000001
47 0.000000 -0.000001
48 0.000000 0.000000
49 0.000000 0.000000
